
Processing Hot_chan_cosmic_Fun4All.C...
Total Events: 0
Fun4AllServer::setRun(): could not get timestamp for run  0, using tics(0) timestamp: Wed Dec 31 19:00:00 1969
--------------------------------------

List of Nodes in Fun4AllServer:
Node Tree under TopNode TOP
TOP (PHCompositeNode)/
   DST (PHCompositeNode)/
      INTT (PHCompositeNode)/
         INTTRAWHIT (IO,InttRawHitContainerv1)
         G4HIT_INTT (IO,PHG4HitContainer)
      TRKR (PHCompositeNode)/
         TRKR_HITSET (IO,PHObject)
         TRKR_CLUSTER (IO,PHObject)
         TRKR_CLUSTERHITASSOC (IO,PHObject)
         TRKR_CLUSTERCROSSINGASSOC (IO,PHObject)
      MVTX (PHCompositeNode)/
         G4HIT_MVTX (IO,PHG4HitContainer)
      TPC (PHCompositeNode)/
         G4HIT_TPC (IO,PHG4HitContainer)
      MICROMEGAS (PHCompositeNode)/
         G4HIT_MICROMEGAS (IO,PHG4HitContainer)
      G4TruthInfo (IO,PHG4TruthInfoContainer)
   RUN (PHCompositeNode)/
      FIELD_CONFIG (IO,PHFieldConfigv1)
      MVTX (PHCompositeNode)/
         G4GEOPARAM_MVTX (IO,PdbParameterMapContainer)
      INTT (PHCompositeNode)/
         G4GEOPARAM_INTT (IO,PdbParameterMapContainer)
      TPC (PHCompositeNode)/
         G4GEOPARAM_TPC (IO,PdbParameterMapContainer)
      TPC_ENDCAP (PHCompositeNode)/
         G4GEOPARAM_TPC_ENDCAP (IO,PdbParameterMapContainer)
      MICROMEGAS (PHCompositeNode)/
         G4GEOPARAM_MICROMEGAS (IO,PdbParameterMapContainer)
      CYLINDERGEOM_MVTX (IO,PHObject)
      CYLINDERGEOM_INTT (IO,PHObject)
      CYLINDERCELLGEOM_SVTX (IO,PHObject)
      CYLINDERGEOM_MICROMEGAS_FULL (IO,PHObject)
      GEOMETRY_IO (IO,PHGeomIOTGeo)
      CdbUrl (IO,CdbUrlSavev1)
   PAR (PHCompositeNode)/


/home/phnxbld/sPHENIX/gcc-12.1.0/ana/source/coresoftware/offline/framework/phool/PHObject.cc:34:  Reset() not implemented for PHObject PREVIOUS EVENT IS NOT CLEARED
You most probably miss a library, if so there are one or more messages at startup like:

Warning in <TClass::TClass>: no dictionary for class XXX is available

load the libraries which contain these classes and try again
